{"name": "Verify login funcationality with multiple  credentails -- @1.1 ", "status": "broken", "statusDetails": {"message": "selenium.common.exceptions.NoSuchElementException: Message: no such element: Unable to locate element: {\"method\":\"xpath\",\"selector\":\"//header/div[1]/div[1]\"}\n  (Session info: chrome=120.0.6099.71); For documentation on this error, please visit: https://www.selenium.dev/documentation/webdriver/troubleshooting/errors#no-such-element-exception\nStacktrace:\n\tGetHandleVerifier [0x00007FF6BE144D02+56194]\n\t(No symbol) [0x00007FF6BE0B04B2]\n\t(No symbol) [0x00007FF6BDF576AA]\n\t(No symbol) [0x00007FF6BDFA16D0]\n\t(No symbol) [0x00007FF6BDFA17EC]\n\t(No symbol) [0x00007FF6BDFE4D77]\n\t(No symbol) [0x00007FF6BDFC5EBF]\n\t(No symbol) [0x00007FF6BDFE2786]\n\t(No symbol) [0x00007FF6BDFC5C23]\n\t(No symbol) [0x00007FF6BDF94A45]\n\t(No symbol) [0x00007FF6BDF95AD4]\n\tGetHandleVerifier [0x00007FF6BE4BD5BB+3695675]\n\tGetHandleVerifier [0x00007FF6BE516197+4059159]\n\tGetHandleVerifier [0x00007FF6BE50DF63+4025827]\n\tGetHandleVerifier [0x00007FF6BE1DF029+687785]\n\t(No symbol) [0x00007FF6BE0BB508]\n\t(No symbol) [0x00007FF6BE0B7564]\n\t(No symbol) [0x00007FF6BE0B76E9]\n\t(No symbol) [0x00007FF6BE0A8094]\n\tBaseThreadInitThunk [0x00007FFF196D7344+20]\n\tRtlUserThreadStart [0x00007FFF1AB426B1+33]\n\n", "trace": "  File \"C:\\Users\\Divya\\PycharmProjects\\bddframeworks\\venv\\Lib\\site-packages\\behave\\model.py\", line 1329, in run\n    match.run(runner.context)\n  File \"C:\\Users\\Divya\\PycharmProjects\\bddframeworks\\venv\\Lib\\site-packages\\behave\\matchers.py\", line 98, in run\n    self.func(context, *args, **kwargs)\n  File \"features\\steps\\loginSD.py\", line 40, in homepagedisplay\n    context.driver.find_element(By.XPATH, \"//header/div[1]/div[1]\").is_displayed()\n    ^^^^^^^^^^^^^^^^^^^^^^^^^^^^^^^^^^^^^^^^^^^^^^^^^^^^^^^^^^^^^^^\n  File \"C:\\Users\\Divya\\PycharmProjects\\bddframeworks\\venv\\Lib\\site-packages\\selenium\\webdriver\\remote\\webdriver.py\", line 742, in find_element\n    return self.execute(Command.FIND_ELEMENT, {\"using\": by, \"value\": value})[\"value\"]\n           ^^^^^^^^^^^^^^^^^^^^^^^^^^^^^^^^^^^^^^^^^^^^^^^^^^^^^^^^^^^^^^^^^\n  File \"C:\\Users\\Divya\\PycharmProjects\\bddframeworks\\venv\\Lib\\site-packages\\selenium\\webdriver\\remote\\webdriver.py\", line 348, in execute\n    self.error_handler.check_response(response)\n  File \"C:\\Users\\Divya\\PycharmProjects\\bddframeworks\\venv\\Lib\\site-packages\\selenium\\webdriver\\remote\\errorhandler.py\", line 229, in check_response\n    raise exception_class(message, screen, stacktrace)\n"}, "steps": [{"name": "Given launch chrome browser", "status": "passed", "start": 1702193891345, "stop": 1702193895541}, {"name": "When open the orange hrm page", "status": "passed", "start": 1702193895541, "stop": 1702193910577}, {"name": "And Enter username \"Admin\" and password \"admin123\"", "status": "passed", "start": 1702193910578, "stop": 1702193910984}, {"name": "And click on login button", "status": "passed", "start": 1702193910985, "stop": 1702193911083}, {"name": "Then User must successfully login to Dashboard", "status": "broken", "statusDetails": {"message": "selenium.common.exceptions.NoSuchElementException: Message: no such element: Unable to locate element: {\"method\":\"xpath\",\"selector\":\"//header/div[1]/div[1]\"}\n  (Session info: chrome=120.0.6099.71); For documentation on this error, please visit: https://www.selenium.dev/documentation/webdriver/troubleshooting/errors#no-such-element-exception\nStacktrace:\n\tGetHandleVerifier [0x00007FF6BE144D02+56194]\n\t(No symbol) [0x00007FF6BE0B04B2]\n\t(No symbol) [0x00007FF6BDF576AA]\n\t(No symbol) [0x00007FF6BDFA16D0]\n\t(No symbol) [0x00007FF6BDFA17EC]\n\t(No symbol) [0x00007FF6BDFE4D77]\n\t(No symbol) [0x00007FF6BDFC5EBF]\n\t(No symbol) [0x00007FF6BDFE2786]\n\t(No symbol) [0x00007FF6BDFC5C23]\n\t(No symbol) [0x00007FF6BDF94A45]\n\t(No symbol) [0x00007FF6BDF95AD4]\n\tGetHandleVerifier [0x00007FF6BE4BD5BB+3695675]\n\tGetHandleVerifier [0x00007FF6BE516197+4059159]\n\tGetHandleVerifier [0x00007FF6BE50DF63+4025827]\n\tGetHandleVerifier [0x00007FF6BE1DF029+687785]\n\t(No symbol) [0x00007FF6BE0BB508]\n\t(No symbol) [0x00007FF6BE0B7564]\n\t(No symbol) [0x00007FF6BE0B76E9]\n\t(No symbol) [0x00007FF6BE0A8094]\n\tBaseThreadInitThunk [0x00007FFF196D7344+20]\n\tRtlUserThreadStart [0x00007FFF1AB426B1+33]\n\n", "trace": "  File \"C:\\Users\\Divya\\PycharmProjects\\bddframeworks\\venv\\Lib\\site-packages\\behave\\model.py\", line 1329, in run\n    match.run(runner.context)\n  File \"C:\\Users\\Divya\\PycharmProjects\\bddframeworks\\venv\\Lib\\site-packages\\behave\\matchers.py\", line 98, in run\n    self.func(context, *args, **kwargs)\n  File \"features\\steps\\loginSD.py\", line 40, in homepagedisplay\n    context.driver.find_element(By.XPATH, \"//header/div[1]/div[1]\").is_displayed()\n    ^^^^^^^^^^^^^^^^^^^^^^^^^^^^^^^^^^^^^^^^^^^^^^^^^^^^^^^^^^^^^^^\n  File \"C:\\Users\\Divya\\PycharmProjects\\bddframeworks\\venv\\Lib\\site-packages\\selenium\\webdriver\\remote\\webdriver.py\", line 742, in find_element\n    return self.execute(Command.FIND_ELEMENT, {\"using\": by, \"value\": value})[\"value\"]\n           ^^^^^^^^^^^^^^^^^^^^^^^^^^^^^^^^^^^^^^^^^^^^^^^^^^^^^^^^^^^^^^^^^\n  File \"C:\\Users\\Divya\\PycharmProjects\\bddframeworks\\venv\\Lib\\site-packages\\selenium\\webdriver\\remote\\webdriver.py\", line 348, in execute\n    self.error_handler.check_response(response)\n  File \"C:\\Users\\Divya\\PycharmProjects\\bddframeworks\\venv\\Lib\\site-packages\\selenium\\webdriver\\remote\\errorhandler.py\", line 229, in check_response\n    raise exception_class(message, screen, stacktrace)\n"}, "start": 1702193911083, "stop": 1702193912897}], "parameters": [{"name": "username", "value": "Admin"}, {}, {"name": "password", "value": "admin123"}], "start": 1702193891340, "stop": 1702193912902, "uuid": "a05f7ef1-3212-479d-b7c7-3214d4ae32cc", "historyId": "32ab0dd33266ece2c78204f4b28c2aad", "fullName": "OrangeHRM logo: Verify login funcationality with multiple  credentails", "labels": [{"name": "severity", "value": "normal"}, {"name": "feature", "value": "OrangeHRM logo"}, {"name": "framework", "value": "behave"}, {"name": "language", "value": "cpython3"}]}