{"name": "Verify login funcationality with multiple  credentails -- @1.4 ", "status": "broken", "statusDetails": {"message": "selenium.common.exceptions.NoSuchWindowException: Message: no such window: target window already closed\nfrom unknown error: web view not found\n  (Session info: chrome=120.0.6099.110)\nStacktrace:\n\tGetHandleVerifier [0x00007FF799BE4D02+56194]\n\t(No symbol) [0x00007FF799B504B2]\n\t(No symbol) [0x00007FF7999F76AA]\n\t(No symbol) [0x00007FF7999D0AFD]\n\t(No symbol) [0x00007FF799A6C9AB]\n\t(No symbol) [0x00007FF799A8201F]\n\t(No symbol) [0x00007FF799A65C23]\n\t(No symbol) [0x00007FF799A34A45]\n\t(No symbol) [0x00007FF799A35AD4]\n\tGetHandleVerifier [0x00007FF799F5D5BB+3695675]\n\tGetHandleVerifier [0x00007FF799FB6197+4059159]\n\tGetHandleVerifier [0x00007FF799FADF63+4025827]\n\tGetHandleVerifier [0x00007FF799C7F029+687785]\n\t(No symbol) [0x00007FF799B5B508]\n\t(No symbol) [0x00007FF799B57564]\n\t(No symbol) [0x00007FF799B576E9]\n\t(No symbol) [0x00007FF799B48094]\n\tBaseThreadInitThunk [0x00007FF81EF67344+20]\n\tRtlUserThreadStart [0x00007FF81FD826B1+33]\n\n", "trace": "  File \"C:\\Users\\Divya\\PycharmProjects\\bddframeworks\\venv\\Lib\\site-packages\\behave\\model.py\", line 1329, in run\n    match.run(runner.context)\n  File \"C:\\Users\\Divya\\PycharmProjects\\bddframeworks\\venv\\Lib\\site-packages\\behave\\matchers.py\", line 98, in run\n    self.func(context, *args, **kwargs)\n  File \"features\\steps\\loginSD.py\", line 31, in enterusernamepasswd\n    context.driver.find_element(By.XPATH, \"//input[@name = 'username']\").send_keys(user)\n    ^^^^^^^^^^^^^^^^^^^^^^^^^^^^^^^^^^^^^^^^^^^^^^^^^^^^^^^^^^^^^^^^^^^^\n  File \"C:\\Users\\Divya\\PycharmProjects\\bddframeworks\\venv\\Lib\\site-packages\\selenium\\webdriver\\remote\\webdriver.py\", line 742, in find_element\n    return self.execute(Command.FIND_ELEMENT, {\"using\": by, \"value\": value})[\"value\"]\n           ^^^^^^^^^^^^^^^^^^^^^^^^^^^^^^^^^^^^^^^^^^^^^^^^^^^^^^^^^^^^^^^^^\n  File \"C:\\Users\\Divya\\PycharmProjects\\bddframeworks\\venv\\Lib\\site-packages\\selenium\\webdriver\\remote\\webdriver.py\", line 348, in execute\n    self.error_handler.check_response(response)\n  File \"C:\\Users\\Divya\\PycharmProjects\\bddframeworks\\venv\\Lib\\site-packages\\selenium\\webdriver\\remote\\errorhandler.py\", line 229, in check_response\n    raise exception_class(message, screen, stacktrace)\n"}, "steps": [{"name": "Given launch chrome browser", "status": "passed", "start": 1702883340129, "stop": 1702883363377}, {"name": "When open the orange hrm page", "status": "passed", "start": 1702883363377, "stop": 1702883368288}, {"name": "And Enter username \"Admin\" and password \"admin123\"", "status": "broken", "statusDetails": {"message": "selenium.common.exceptions.NoSuchWindowException: Message: no such window: target window already closed\nfrom unknown error: web view not found\n  (Session info: chrome=120.0.6099.110)\nStacktrace:\n\tGetHandleVerifier [0x00007FF799BE4D02+56194]\n\t(No symbol) [0x00007FF799B504B2]\n\t(No symbol) [0x00007FF7999F76AA]\n\t(No symbol) [0x00007FF7999D0AFD]\n\t(No symbol) [0x00007FF799A6C9AB]\n\t(No symbol) [0x00007FF799A8201F]\n\t(No symbol) [0x00007FF799A65C23]\n\t(No symbol) [0x00007FF799A34A45]\n\t(No symbol) [0x00007FF799A35AD4]\n\tGetHandleVerifier [0x00007FF799F5D5BB+3695675]\n\tGetHandleVerifier [0x00007FF799FB6197+4059159]\n\tGetHandleVerifier [0x00007FF799FADF63+4025827]\n\tGetHandleVerifier [0x00007FF799C7F029+687785]\n\t(No symbol) [0x00007FF799B5B508]\n\t(No symbol) [0x00007FF799B57564]\n\t(No symbol) [0x00007FF799B576E9]\n\t(No symbol) [0x00007FF799B48094]\n\tBaseThreadInitThunk [0x00007FF81EF67344+20]\n\tRtlUserThreadStart [0x00007FF81FD826B1+33]\n\n", "trace": "  File \"C:\\Users\\Divya\\PycharmProjects\\bddframeworks\\venv\\Lib\\site-packages\\behave\\model.py\", line 1329, in run\n    match.run(runner.context)\n  File \"C:\\Users\\Divya\\PycharmProjects\\bddframeworks\\venv\\Lib\\site-packages\\behave\\matchers.py\", line 98, in run\n    self.func(context, *args, **kwargs)\n  File \"features\\steps\\loginSD.py\", line 31, in enterusernamepasswd\n    context.driver.find_element(By.XPATH, \"//input[@name = 'username']\").send_keys(user)\n    ^^^^^^^^^^^^^^^^^^^^^^^^^^^^^^^^^^^^^^^^^^^^^^^^^^^^^^^^^^^^^^^^^^^^\n  File \"C:\\Users\\Divya\\PycharmProjects\\bddframeworks\\venv\\Lib\\site-packages\\selenium\\webdriver\\remote\\webdriver.py\", line 742, in find_element\n    return self.execute(Command.FIND_ELEMENT, {\"using\": by, \"value\": value})[\"value\"]\n           ^^^^^^^^^^^^^^^^^^^^^^^^^^^^^^^^^^^^^^^^^^^^^^^^^^^^^^^^^^^^^^^^^\n  File \"C:\\Users\\Divya\\PycharmProjects\\bddframeworks\\venv\\Lib\\site-packages\\selenium\\webdriver\\remote\\webdriver.py\", line 348, in execute\n    self.error_handler.check_response(response)\n  File \"C:\\Users\\Divya\\PycharmProjects\\bddframeworks\\venv\\Lib\\site-packages\\selenium\\webdriver\\remote\\errorhandler.py\", line 229, in check_response\n    raise exception_class(message, screen, stacktrace)\n"}, "start": 1702883368288, "stop": 1702883368323}, {"name": "And click on login button", "status": "skipped", "start": 1702883368327, "stop": 1702883368327}, {"name": "Then User must successfully login to Dashboard", "status": "skipped", "start": 1702883368327, "stop": 1702883368327}], "parameters": [{"name": "username", "value": "Admin"}, {}, {"name": "password", "value": "admin123"}], "start": 1702883340127, "stop": 1702883368327, "uuid": "81f226c0-f01e-404f-a9fd-06e1430d51f2", "historyId": "15cbe8d537a1fd7268d62ff4b717db4e", "fullName": "OrangeHRM logo: Verify login funcationality with multiple  credentails", "labels": [{"name": "severity", "value": "normal"}, {"name": "feature", "value": "OrangeHRM logo"}, {"name": "framework", "value": "behave"}, {"name": "language", "value": "cpython3"}]}