{"name": "Login with valid credentials", "status": "broken", "statusDetails": {"message": "selenium.common.exceptions.NoSuchWindowException: Message: no such window: target window already closed\nfrom unknown error: web view not found\n  (Session info: chrome=120.0.6099.110)\nStacktrace:\n\tGetHandleVerifier [0x00007FF799BE4D02+56194]\n\t(No symbol) [0x00007FF799B504B2]\n\t(No symbol) [0x00007FF7999F76AA]\n\t(No symbol) [0x00007FF7999D0AFD]\n\t(No symbol) [0x00007FF799A6C9AB]\n\t(No symbol) [0x00007FF799A8201F]\n\t(No symbol) [0x00007FF799A65C23]\n\t(No symbol) [0x00007FF799A34A45]\n\t(No symbol) [0x00007FF799A35AD4]\n\tGetHandleVerifier [0x00007FF799F5D5BB+3695675]\n\tGetHandleVerifier [0x00007FF799FB6197+4059159]\n\tGetHandleVerifier [0x00007FF799FADF63+4025827]\n\tGetHandleVerifier [0x00007FF799C7F029+687785]\n\t(No symbol) [0x00007FF799B5B508]\n\t(No symbol) [0x00007FF799B57564]\n\t(No symbol) [0x00007FF799B576E9]\n\t(No symbol) [0x00007FF799B48094]\n\tBaseThreadInitThunk [0x00007FF81EF67344+20]\n\tRtlUserThreadStart [0x00007FF81FD826B1+33]\n\n", "trace": "  File \"C:\\Users\\Divya\\PycharmProjects\\bddframeworks\\venv\\Lib\\site-packages\\behave\\model.py\", line 1329, in run\n    match.run(runner.context)\n  File \"C:\\Users\\Divya\\PycharmProjects\\bddframeworks\\venv\\Lib\\site-packages\\behave\\matchers.py\", line 98, in run\n    self.func(context, *args, **kwargs)\n  File \"features\\steps\\login1SD.py\", line 18, in verifylogo\n    status = context.driver.find_element(By.XPATH, \"//div[contains(text(),'Swag Labs')]\").is_displayed()\n             ^^^^^^^^^^^^^^^^^^^^^^^^^^^^^^^^^^^^^^^^^^^^^^^^^^^^^^^^^^^^^^^^^^^^^^^^^^^^\n  File \"C:\\Users\\Divya\\PycharmProjects\\bddframeworks\\venv\\Lib\\site-packages\\selenium\\webdriver\\remote\\webdriver.py\", line 742, in find_element\n    return self.execute(Command.FIND_ELEMENT, {\"using\": by, \"value\": value})[\"value\"]\n           ^^^^^^^^^^^^^^^^^^^^^^^^^^^^^^^^^^^^^^^^^^^^^^^^^^^^^^^^^^^^^^^^^\n  File \"C:\\Users\\Divya\\PycharmProjects\\bddframeworks\\venv\\Lib\\site-packages\\selenium\\webdriver\\remote\\webdriver.py\", line 348, in execute\n    self.error_handler.check_response(response)\n  File \"C:\\Users\\Divya\\PycharmProjects\\bddframeworks\\venv\\Lib\\site-packages\\selenium\\webdriver\\remote\\errorhandler.py\", line 229, in check_response\n    raise exception_class(message, screen, stacktrace)\n"}, "steps": [{"name": "Given I launch the browser", "status": "passed", "start": 1702883381739, "stop": 1702883385753}, {"name": "When open Saucedemo home page", "status": "passed", "start": 1702883385754, "stop": 1702883391166}, {"name": "Then I verify that the SwagLabs text present on page", "status": "broken", "statusDetails": {"message": "selenium.common.exceptions.NoSuchWindowException: Message: no such window: target window already closed\nfrom unknown error: web view not found\n  (Session info: chrome=120.0.6099.110)\nStacktrace:\n\tGetHandleVerifier [0x00007FF799BE4D02+56194]\n\t(No symbol) [0x00007FF799B504B2]\n\t(No symbol) [0x00007FF7999F76AA]\n\t(No symbol) [0x00007FF7999D0AFD]\n\t(No symbol) [0x00007FF799A6C9AB]\n\t(No symbol) [0x00007FF799A8201F]\n\t(No symbol) [0x00007FF799A65C23]\n\t(No symbol) [0x00007FF799A34A45]\n\t(No symbol) [0x00007FF799A35AD4]\n\tGetHandleVerifier [0x00007FF799F5D5BB+3695675]\n\tGetHandleVerifier [0x00007FF799FB6197+4059159]\n\tGetHandleVerifier [0x00007FF799FADF63+4025827]\n\tGetHandleVerifier [0x00007FF799C7F029+687785]\n\t(No symbol) [0x00007FF799B5B508]\n\t(No symbol) [0x00007FF799B57564]\n\t(No symbol) [0x00007FF799B576E9]\n\t(No symbol) [0x00007FF799B48094]\n\tBaseThreadInitThunk [0x00007FF81EF67344+20]\n\tRtlUserThreadStart [0x00007FF81FD826B1+33]\n\n", "trace": "  File \"C:\\Users\\Divya\\PycharmProjects\\bddframeworks\\venv\\Lib\\site-packages\\behave\\model.py\", line 1329, in run\n    match.run(runner.context)\n  File \"C:\\Users\\Divya\\PycharmProjects\\bddframeworks\\venv\\Lib\\site-packages\\behave\\matchers.py\", line 98, in run\n    self.func(context, *args, **kwargs)\n  File \"features\\steps\\login1SD.py\", line 18, in verifylogo\n    status = context.driver.find_element(By.XPATH, \"//div[contains(text(),'Swag Labs')]\").is_displayed()\n             ^^^^^^^^^^^^^^^^^^^^^^^^^^^^^^^^^^^^^^^^^^^^^^^^^^^^^^^^^^^^^^^^^^^^^^^^^^^^\n  File \"C:\\Users\\Divya\\PycharmProjects\\bddframeworks\\venv\\Lib\\site-packages\\selenium\\webdriver\\remote\\webdriver.py\", line 742, in find_element\n    return self.execute(Command.FIND_ELEMENT, {\"using\": by, \"value\": value})[\"value\"]\n           ^^^^^^^^^^^^^^^^^^^^^^^^^^^^^^^^^^^^^^^^^^^^^^^^^^^^^^^^^^^^^^^^^\n  File \"C:\\Users\\Divya\\PycharmProjects\\bddframeworks\\venv\\Lib\\site-packages\\selenium\\webdriver\\remote\\webdriver.py\", line 348, in execute\n    self.error_handler.check_response(response)\n  File \"C:\\Users\\Divya\\PycharmProjects\\bddframeworks\\venv\\Lib\\site-packages\\selenium\\webdriver\\remote\\errorhandler.py\", line 229, in check_response\n    raise exception_class(message, screen, stacktrace)\n"}, "start": 1702883391166, "stop": 1702883391188}, {"name": "And Enter username \"standard_user\" and password \"secret_sauce\"", "status": "skipped", "start": 1702883391193, "stop": 1702883391193}, {"name": "And Click on login button", "status": "skipped", "start": 1702883391193, "stop": 1702883391193}, {"name": "Then user must successfully login to the product pageAnd I close the browser", "status": "skipped", "start": 1702883391193, "stop": 1702883391193}, {"name": "And I close the browser", "status": "skipped", "start": 1702883391193, "stop": 1702883391193}], "start": 1702883381735, "stop": 1702883391193, "uuid": "76cf499a-b872-4718-91b3-6477a3956860", "historyId": "363e5b723452994031a8a5a578f611f4", "fullName": "Swaglabs text: Login with valid credentials", "labels": [{"name": "severity", "value": "normal"}, {"name": "feature", "value": "Swaglabs text"}, {"name": "framework", "value": "behave"}, {"name": "language", "value": "cpython3"}]}