{"name": "Verify login funcationality with valid credentails", "status": "broken", "statusDetails": {"message": "selenium.common.exceptions.NoSuchElementException: Message: no such element: Unable to locate element: {\"method\":\"xpath\",\"selector\":\"//header/div[1]/div[1]\"}\n  (Session info: chrome=120.0.6099.110); For documentation on this error, please visit: https://www.selenium.dev/documentation/webdriver/troubleshooting/errors#no-such-element-exception\nStacktrace:\n\tGetHandleVerifier [0x00007FF799BE4D02+56194]\n\t(No symbol) [0x00007FF799B504B2]\n\t(No symbol) [0x00007FF7999F76AA]\n\t(No symbol) [0x00007FF799A416D0]\n\t(No symbol) [0x00007FF799A417EC]\n\t(No symbol) [0x00007FF799A84D77]\n\t(No symbol) [0x00007FF799A65EBF]\n\t(No symbol) [0x00007FF799A82786]\n\t(No symbol) [0x00007FF799A65C23]\n\t(No symbol) [0x00007FF799A34A45]\n\t(No symbol) [0x00007FF799A35AD4]\n\tGetHandleVerifier [0x00007FF799F5D5BB+3695675]\n\tGetHandleVerifier [0x00007FF799FB6197+4059159]\n\tGetHandleVerifier [0x00007FF799FADF63+4025827]\n\tGetHandleVerifier [0x00007FF799C7F029+687785]\n\t(No symbol) [0x00007FF799B5B508]\n\t(No symbol) [0x00007FF799B57564]\n\t(No symbol) [0x00007FF799B576E9]\n\t(No symbol) [0x00007FF799B48094]\n\tBaseThreadInitThunk [0x00007FF81EF67344+20]\n\tRtlUserThreadStart [0x00007FF81FD826B1+33]\n\n", "trace": "  File \"C:\\Users\\Divya\\PycharmProjects\\bddframeworks\\venv\\Lib\\site-packages\\behave\\model.py\", line 1329, in run\n    match.run(runner.context)\n  File \"C:\\Users\\Divya\\PycharmProjects\\bddframeworks\\venv\\Lib\\site-packages\\behave\\matchers.py\", line 98, in run\n    self.func(context, *args, **kwargs)\n  File \"features\\steps\\loginSD.py\", line 40, in homepagedisplay\n    context.driver.find_element(By.XPATH, \"//header/div[1]/div[1]\").is_displayed()\n    ^^^^^^^^^^^^^^^^^^^^^^^^^^^^^^^^^^^^^^^^^^^^^^^^^^^^^^^^^^^^^^^\n  File \"C:\\Users\\Divya\\PycharmProjects\\bddframeworks\\venv\\Lib\\site-packages\\selenium\\webdriver\\remote\\webdriver.py\", line 742, in find_element\n    return self.execute(Command.FIND_ELEMENT, {\"using\": by, \"value\": value})[\"value\"]\n           ^^^^^^^^^^^^^^^^^^^^^^^^^^^^^^^^^^^^^^^^^^^^^^^^^^^^^^^^^^^^^^^^^\n  File \"C:\\Users\\Divya\\PycharmProjects\\bddframeworks\\venv\\Lib\\site-packages\\selenium\\webdriver\\remote\\webdriver.py\", line 348, in execute\n    self.error_handler.check_response(response)\n  File \"C:\\Users\\Divya\\PycharmProjects\\bddframeworks\\venv\\Lib\\site-packages\\selenium\\webdriver\\remote\\errorhandler.py\", line 229, in check_response\n    raise exception_class(message, screen, stacktrace)\n"}, "steps": [{"name": "Given launch chrome browser", "status": "passed", "start": 1702883236467, "stop": 1702883240943}, {"name": "When open the orange hrm page", "status": "passed", "start": 1702883240943, "stop": 1702883252588}, {"name": "And Enter username \"Admin\" and password \"admin123\"", "status": "passed", "start": 1702883252588, "stop": 1702883255890}, {"name": "And click on login button", "status": "passed", "start": 1702883255890, "stop": 1702883258145}, {"name": "Then User must successfully login to Dashboard", "status": "broken", "statusDetails": {"message": "selenium.common.exceptions.NoSuchElementException: Message: no such element: Unable to locate element: {\"method\":\"xpath\",\"selector\":\"//header/div[1]/div[1]\"}\n  (Session info: chrome=120.0.6099.110); For documentation on this error, please visit: https://www.selenium.dev/documentation/webdriver/troubleshooting/errors#no-such-element-exception\nStacktrace:\n\tGetHandleVerifier [0x00007FF799BE4D02+56194]\n\t(No symbol) [0x00007FF799B504B2]\n\t(No symbol) [0x00007FF7999F76AA]\n\t(No symbol) [0x00007FF799A416D0]\n\t(No symbol) [0x00007FF799A417EC]\n\t(No symbol) [0x00007FF799A84D77]\n\t(No symbol) [0x00007FF799A65EBF]\n\t(No symbol) [0x00007FF799A82786]\n\t(No symbol) [0x00007FF799A65C23]\n\t(No symbol) [0x00007FF799A34A45]\n\t(No symbol) [0x00007FF799A35AD4]\n\tGetHandleVerifier [0x00007FF799F5D5BB+3695675]\n\tGetHandleVerifier [0x00007FF799FB6197+4059159]\n\tGetHandleVerifier [0x00007FF799FADF63+4025827]\n\tGetHandleVerifier [0x00007FF799C7F029+687785]\n\t(No symbol) [0x00007FF799B5B508]\n\t(No symbol) [0x00007FF799B57564]\n\t(No symbol) [0x00007FF799B576E9]\n\t(No symbol) [0x00007FF799B48094]\n\tBaseThreadInitThunk [0x00007FF81EF67344+20]\n\tRtlUserThreadStart [0x00007FF81FD826B1+33]\n\n", "trace": "  File \"C:\\Users\\Divya\\PycharmProjects\\bddframeworks\\venv\\Lib\\site-packages\\behave\\model.py\", line 1329, in run\n    match.run(runner.context)\n  File \"C:\\Users\\Divya\\PycharmProjects\\bddframeworks\\venv\\Lib\\site-packages\\behave\\matchers.py\", line 98, in run\n    self.func(context, *args, **kwargs)\n  File \"features\\steps\\loginSD.py\", line 40, in homepagedisplay\n    context.driver.find_element(By.XPATH, \"//header/div[1]/div[1]\").is_displayed()\n    ^^^^^^^^^^^^^^^^^^^^^^^^^^^^^^^^^^^^^^^^^^^^^^^^^^^^^^^^^^^^^^^\n  File \"C:\\Users\\Divya\\PycharmProjects\\bddframeworks\\venv\\Lib\\site-packages\\selenium\\webdriver\\remote\\webdriver.py\", line 742, in find_element\n    return self.execute(Command.FIND_ELEMENT, {\"using\": by, \"value\": value})[\"value\"]\n           ^^^^^^^^^^^^^^^^^^^^^^^^^^^^^^^^^^^^^^^^^^^^^^^^^^^^^^^^^^^^^^^^^\n  File \"C:\\Users\\Divya\\PycharmProjects\\bddframeworks\\venv\\Lib\\site-packages\\selenium\\webdriver\\remote\\webdriver.py\", line 348, in execute\n    self.error_handler.check_response(response)\n  File \"C:\\Users\\Divya\\PycharmProjects\\bddframeworks\\venv\\Lib\\site-packages\\selenium\\webdriver\\remote\\errorhandler.py\", line 229, in check_response\n    raise exception_class(message, screen, stacktrace)\n"}, "start": 1702883258146, "stop": 1702883259602}], "start": 1702883236464, "stop": 1702883259605, "uuid": "91671a21-cac3-42be-8e59-e2e2f2c75b09", "historyId": "df33f9397299a9032ec9dda55dbeee0b", "fullName": "OrangeHRM logo: Verify login funcationality with valid credentails", "labels": [{"name": "severity", "value": "normal"}, {"name": "feature", "value": "OrangeHRM logo"}, {"name": "framework", "value": "behave"}, {"name": "language", "value": "cpython3"}]}